<?xml version="1.0" encoding="UTF-8"?>
<testsuite name="com.exam.pbl_url.PblUrlApplicationTests" tests="1" skipped="0" failures="0" errors="0" timestamp="2022-08-24T13:12:26" hostname="Trishas-Air" time="0.232">
  <properties/>
  <testcase name="contextLoads()" classname="com.exam.pbl_url.PblUrlApplicationTests" time="0.232"/>
  <system-out><![CDATA[18:42:25.449 [Test worker] DEBUG org.springframework.test.context.BootstrapUtils - Instantiating CacheAwareContextLoaderDelegate from class [org.springframework.test.context.cache.DefaultCacheAwareContextLoaderDelegate]
18:42:25.457 [Test worker] DEBUG org.springframework.test.context.BootstrapUtils - Instantiating BootstrapContext using constructor [public org.springframework.test.context.support.DefaultBootstrapContext(java.lang.Class,org.springframework.test.context.CacheAwareContextLoaderDelegate)]
18:42:25.475 [Test worker] DEBUG org.springframework.test.context.BootstrapUtils - Instantiating TestContextBootstrapper for test class [com.exam.pbl_url.PblUrlApplicationTests] from class [org.springframework.boot.test.context.SpringBootTestContextBootstrapper]
18:42:25.481 [Test worker] INFO org.springframework.boot.test.context.SpringBootTestContextBootstrapper - Neither @ContextConfiguration nor @ContextHierarchy found for test class [com.exam.pbl_url.PblUrlApplicationTests], using SpringBootContextLoader
18:42:25.483 [Test worker] DEBUG org.springframework.test.context.support.AbstractContextLoader - Did not detect default resource location for test class [com.exam.pbl_url.PblUrlApplicationTests]: class path resource [com/exam/pbl_url/PblUrlApplicationTests-context.xml] does not exist
18:42:25.483 [Test worker] DEBUG org.springframework.test.context.support.AbstractContextLoader - Did not detect default resource location for test class [com.exam.pbl_url.PblUrlApplicationTests]: class path resource [com/exam/pbl_url/PblUrlApplicationTestsContext.groovy] does not exist
18:42:25.483 [Test worker] INFO org.springframework.test.context.support.AbstractContextLoader - Could not detect default resource locations for test class [com.exam.pbl_url.PblUrlApplicationTests]: no resource found for suffixes {-context.xml, Context.groovy}.
18:42:25.484 [Test worker] INFO org.springframework.test.context.support.AnnotationConfigContextLoaderUtils - Could not detect default configuration classes for test class [com.exam.pbl_url.PblUrlApplicationTests]: PblUrlApplicationTests does not declare any static, non-private, non-final, nested classes annotated with @Configuration.
18:42:25.505 [Test worker] DEBUG org.springframework.test.context.support.ActiveProfilesUtils - Could not find an 'annotation declaring class' for annotation type [org.springframework.test.context.ActiveProfiles] and class [com.exam.pbl_url.PblUrlApplicationTests]
18:42:25.534 [Test worker] DEBUG org.springframework.context.annotation.ClassPathScanningCandidateComponentProvider - Identified candidate component class: file [/Users/trishamoitra/Desktop/URLShortener-main/URLShortener/build/classes/java/main/com/exam/pbl_url/PblUrlApplication.class]
18:42:25.539 [Test worker] INFO org.springframework.boot.test.context.SpringBootTestContextBootstrapper - Found @SpringBootConfiguration com.exam.pbl_url.PblUrlApplication for test class com.exam.pbl_url.PblUrlApplicationTests
18:42:25.593 [Test worker] DEBUG org.springframework.boot.test.context.SpringBootTestContextBootstrapper - @TestExecutionListeners is not present for class [com.exam.pbl_url.PblUrlApplicationTests]: using defaults.
18:42:25.593 [Test worker] INFO org.springframework.boot.test.context.SpringBootTestContextBootstrapper - Loaded default TestExecutionListener class names from location [META-INF/spring.factories]: [org.springframework.boot.test.autoconfigure.restdocs.RestDocsTestExecutionListener, org.springframework.boot.test.autoconfigure.web.client.MockRestServiceServerResetTestExecutionListener, org.springframework.boot.test.autoconfigure.web.servlet.MockMvcPrintOnlyOnFailureTestExecutionListener, org.springframework.boot.test.autoconfigure.web.servlet.WebDriverTestExecutionListener, org.springframework.boot.test.autoconfigure.webservices.client.MockWebServiceServerTestExecutionListener, org.springframework.boot.test.mock.mockito.MockitoTestExecutionListener, org.springframework.boot.test.mock.mockito.ResetMocksTestExecutionListener, org.springframework.test.context.web.ServletTestExecutionListener, org.springframework.test.context.support.DirtiesContextBeforeModesTestExecutionListener, org.springframework.test.context.event.ApplicationEventsTestExecutionListener, org.springframework.test.context.support.DependencyInjectionTestExecutionListener, org.springframework.test.context.support.DirtiesContextTestExecutionListener, org.springframework.test.context.transaction.TransactionalTestExecutionListener, org.springframework.test.context.jdbc.SqlScriptsTestExecutionListener, org.springframework.test.context.event.EventPublishingTestExecutionListener]
18:42:25.602 [Test worker] INFO org.springframework.boot.test.context.SpringBootTestContextBootstrapper - Using TestExecutionListeners: [org.springframework.test.context.web.ServletTestExecutionListener@2a6118d5, org.springframework.test.context.support.DirtiesContextBeforeModesTestExecutionListener@1adf1386, org.springframework.test.context.event.ApplicationEventsTestExecutionListener@790f1e53, org.springframework.boot.test.mock.mockito.MockitoTestExecutionListener@322fd681, org.springframework.boot.test.autoconfigure.SpringBootDependencyInjectionTestExecutionListener@102ac7a1, org.springframework.test.context.support.DirtiesContextTestExecutionListener@728bb501, org.springframework.test.context.transaction.TransactionalTestExecutionListener@7377c085, org.springframework.test.context.jdbc.SqlScriptsTestExecutionListener@3fa08bb4, org.springframework.test.context.event.EventPublishingTestExecutionListener@7971542e, org.springframework.boot.test.autoconfigure.restdocs.RestDocsTestExecutionListener@567dd5bc, org.springframework.boot.test.autoconfigure.web.client.MockRestServiceServerResetTestExecutionListener@1bc3541e, org.springframework.boot.test.autoconfigure.web.servlet.MockMvcPrintOnlyOnFailureTestExecutionListener@200581f9, org.springframework.boot.test.autoconfigure.web.servlet.WebDriverTestExecutionListener@53a671f3, org.springframework.boot.test.autoconfigure.webservices.client.MockWebServiceServerTestExecutionListener@6b4e9e0e, org.springframework.boot.test.mock.mockito.ResetMocksTestExecutionListener@6a2c54dd]
18:42:25.603 [Test worker] DEBUG org.springframework.test.context.support.AbstractDirtiesContextTestExecutionListener - Before test class: context [DefaultTestContext@4fb2a40b testClass = PblUrlApplicationTests, testInstance = [null], testMethod = [null], testException = [null], mergedContextConfiguration = [WebMergedContextConfiguration@670a9726 testClass = PblUrlApplicationTests, locations = '{}', classes = '{class com.exam.pbl_url.PblUrlApplication}', contextInitializerClasses = '[]', activeProfiles = '{}', propertySourceLocations = '{}', propertySourceProperties = '{org.springframework.boot.test.context.SpringBootTestContextBootstrapper=true}', contextCustomizers = set[org.springframework.boot.test.autoconfigure.actuate.metrics.MetricsExportContextCustomizerFactory$DisableMetricExportContextCustomizer@447333a2, org.springframework.boot.test.autoconfigure.properties.PropertyMappingContextCustomizer@0, org.springframework.boot.test.autoconfigure.web.servlet.WebDriverContextCustomizerFactory$Customizer@ee23ddb, org.springframework.boot.test.context.filter.ExcludeFilterContextCustomizer@31e252d0, org.springframework.boot.test.json.DuplicateJsonObjectContextCustomizerFactory$DuplicateJsonObjectContextCustomizer@71273259, org.springframework.boot.test.mock.mockito.MockitoContextCustomizer@0, org.springframework.boot.test.web.client.TestRestTemplateContextCustomizer@76d87c5d, org.springframework.boot.test.context.SpringBootTestArgs@1, org.springframework.boot.test.context.SpringBootTestWebEnvironment@26ca7ac8], resourceBasePath = 'src/main/webapp', contextLoader = 'org.springframework.boot.test.context.SpringBootContextLoader', parent = [null]], attributes = map['org.springframework.test.context.web.ServletTestExecutionListener.activateListener' -> true]], class annotated with @DirtiesContext [false] with mode [null].
18:42:25.622 [Test worker] DEBUG org.springframework.test.context.support.TestPropertySourceUtils - Adding inlined properties to environment: {spring.jmx.enabled=false, org.springframework.boot.test.context.SpringBootTestContextBootstrapper=true}

  .   ____          _            __ _ _
 /\\ / ___'_ __ _ _(_)_ __  __ _ \ \ \ \
( ( )\___ | '_ | '_| | '_ \/ _` | \ \ \ \
 \\/  ___)| |_)| | | | | || (_| |  ) ) ) )
  '  |____| .__|_| |_|_| |_\__, | / / / /
 =========|_|==============|___/=/_/_/_/
 :: Spring Boot ::                (v2.5.2)

2022-08-24 18:42:25.774  INFO 18802 --- [    Test worker] com.exam.pbl_url.PblUrlApplicationTests  : Starting PblUrlApplicationTests using Java 16.0.2 on Trishas-Air with PID 18802 (started by trishamoitra in /Users/trishamoitra/Desktop/URLShortener-main/URLShortener)
2022-08-24 18:42:25.776  INFO 18802 --- [    Test worker] com.exam.pbl_url.PblUrlApplicationTests  : No active profile set, falling back to default profiles: default
2022-08-24 18:42:26.078  INFO 18802 --- [    Test worker] .s.d.r.c.RepositoryConfigurationDelegate : Multiple Spring Data modules found, entering strict repository configuration mode!
2022-08-24 18:42:26.079  INFO 18802 --- [    Test worker] .s.d.r.c.RepositoryConfigurationDelegate : Bootstrapping Spring Data Redis repositories in DEFAULT mode.
2022-08-24 18:42:26.090  INFO 18802 --- [    Test worker] .s.d.r.c.RepositoryConfigurationDelegate : Finished Spring Data repository scanning in 3 ms. Found 0 Redis repository interfaces.
2022-08-24 18:42:26.721  INFO 18802 --- [    Test worker] o.s.b.a.w.s.WelcomePageHandlerMapping    : Adding welcome page template: index
2022-08-24 18:42:26.885  INFO 18802 --- [    Test worker] com.exam.pbl_url.PblUrlApplicationTests  : Started PblUrlApplicationTests in 1.258 seconds (JVM running for 2.03)
]]></system-out>
  <system-err><![CDATA[]]></system-err>
</testsuite>
